<?xml version="1.0" encoding="UTF-8"?>
<testsuite xmlns:xsi="http://www.w3.org/2001/XMLSchema-instance" xsi:noNamespaceSchemaLocation="https://maven.apache.org/surefire/maven-surefire-plugin/xsd/surefire-test-report-3.0.xsd" version="3.0" name="w4cash.product.ProductsRepositoryTest" time="0.463" tests="6" errors="0" skipped="0" failures="0">
  <properties>
[...]
</properties>
  <testcase name="insert_addsCatalogRow_whenActive" classname="w4cash.product.ProductsRepositoryTest" time="0.433"/>
  <testcase name="insert_autoFillsReferenceAndCode_whenBothBlank" classname="w4cash.product.ProductsRepositoryTest" time="0.011"/>
  <testcase name="insert_fillsOnlyMissingField_whenOnlyOneSupplied" classname="w4cash.product.ProductsRepositoryTest" time="0.004"/>
  <testcase name="insert_rollsBackAndClosesConnection_onSqlException" classname="w4cash.product.ProductsRepositoryTest" time="0.008"/>
  <testcase name="insert_doesNotAutoFillOrLock_whenBothSupplied" classname="w4cash.product.ProductsRepositoryTest" time="0.003"/>
  <testcase name="insert_leavesCatalogAlone_whenInactive" classname="w4cash.product.ProductsRepositoryTest" time="0.003"/>
</testsuite>